[2020-03-08 21:50:38,904] [INFO] The trainer start 
[2020-03-08 21:50:38,904] [INFO] [x] Get dataset from  
[2020-03-08 21:50:39,172] [INFO] the datasets contains 170714 samples 
Failed to import tensorflow.
[32m[0308 21:50:39 @parallel.py:230][0m [MultiProcessRunner] Will fork a dataflow more than one times. This assumes the datapoints are i.i.d.
[32m[0308 21:50:39 @argtools.py:138][0m [5m[31mWRN[0m Starting a process with 'fork' method is not safe and may consume unnecessary extra CPU memory. Use 'forkserver' or 'spawn' method (available after Py3.4) instead if you run into any issues. See https://docs.python.org/3/library/multiprocessing.html#contexts-and-start-methods on how to set them.
[32m[0308 21:50:39 @argtools.py:138][0m [5m[31mWRN[0m "import prctl" failed! Install python-prctl so that processes can be cleaned with guarantee.
[2020-03-08 21:50:39,276] [INFO] [x] Get dataset from  
[2020-03-08 21:50:39,518] [INFO] the datasets contains 30126 samples 
[32m[0308 21:50:39 @parallel.py:230][0m [MultiProcessRunner] Will fork a dataflow more than one times. This assumes the datapoints are i.i.d.
[32m[0308 21:50:39 @argtools.py:138][0m [5m[31mWRN[0m "import prctl" failed! Install python-prctl so that processes can be cleaned with guarantee.
[2020-03-08 21:50:44,114] [INFO] learning rate: [0.001000] 
/home/lz/anaconda3/envs/pytorch/lib/python3.6/site-packages/sklearn/metrics/_classification.py:1272: UndefinedMetricWarning: Recall is ill-defined and being set to 0.0 in labels with no true samples. Use `zero_division` parameter to control this behavior.
  _warn_prf(average, modifier, msg_start, len(result))
[2020-03-08 21:50:48,936] [INFO] epoch_num: 0, iter_num: 10, loss1: 5.010276, acc1:  0.000000, loss2: 1.981514, acc2:  0.000000, loss3: 1.241721, acc3:  0.000000, loss_value: 8.233511,  recall_score: 0.107929,  speed: 266 images/sec  
[2020-03-08 21:50:53,552] [INFO] epoch_num: 0, iter_num: 20, loss1: 4.807420, acc1:  0.000000, loss2: 1.699126, acc2:  0.000000, loss3: 1.168293, acc3:  0.000000, loss_value: 7.674839,  recall_score: 0.129086,  speed: 278 images/sec  
[2020-03-08 21:50:58,139] [INFO] epoch_num: 0, iter_num: 30, loss1: 4.775610, acc1:  0.000000, loss2: 1.999856, acc2:  0.000000, loss3: 1.141527, acc3:  0.000000, loss_value: 7.916994,  recall_score: 0.147089,  speed: 280 images/sec  
[2020-03-08 21:51:02,714] [INFO] epoch_num: 0, iter_num: 40, loss1: 4.345473, acc1:  0.062500, loss2: 1.016747, acc2:  0.757812, loss3: 0.867400, acc3:  0.726562, loss_value: 6.229620,  recall_score: 0.207875,  speed: 280 images/sec  
[2020-03-08 21:51:07,288] [INFO] epoch_num: 0, iter_num: 50, loss1: 5.001405, acc1:  0.000000, loss2: 1.847629, acc2:  0.000000, loss3: 1.048408, acc3:  0.000000, loss_value: 7.897443,  recall_score: 0.126044,  speed: 279 images/sec  
[2020-03-08 21:51:11,874] [INFO] epoch_num: 0, iter_num: 60, loss1: 4.871759, acc1:  0.015625, loss2: 1.176930, acc2:  0.664062, loss3: 0.909919, acc3:  0.734375, loss_value: 6.958608,  recall_score: 0.190858,  speed: 279 images/sec  
[2020-03-08 21:51:16,435] [INFO] epoch_num: 0, iter_num: 70, loss1: 4.487342, acc1:  0.000000, loss2: 1.286037, acc2:  0.000000, loss3: 0.771833, acc3:  0.000000, loss_value: 6.545213,  recall_score: 0.207967,  speed: 281 images/sec  
[2020-03-08 21:51:20,999] [INFO] epoch_num: 0, iter_num: 80, loss1: 4.167974, acc1:  0.070312, loss2: 0.831846, acc2:  0.718750, loss3: 0.801583, acc3:  0.742188, loss_value: 5.801404,  recall_score: 0.245420,  speed: 278 images/sec  
[2020-03-08 21:51:25,675] [INFO] epoch_num: 0, iter_num: 90, loss1: 4.701110, acc1:  0.023438, loss2: 0.926199, acc2:  0.710938, loss3: 0.747971, acc3:  0.773438, loss_value: 6.375280,  recall_score: 0.240989,  speed: 259 images/sec  
[2020-03-08 21:51:30,551] [INFO] epoch_num: 0, iter_num: 100, loss1: 4.627934, acc1:  0.023438, loss2: 0.716998, acc2:  0.796875, loss3: 0.714445, acc3:  0.757812, loss_value: 6.059377,  recall_score: 0.283273,  speed: 269 images/sec  
[2020-03-08 21:51:35,235] [INFO] epoch_num: 0, iter_num: 110, loss1: 4.271276, acc1:  0.000000, loss2: 0.942251, acc2:  0.000000, loss3: 0.754500, acc3:  0.000000, loss_value: 5.968027,  recall_score: 0.237846,  speed: 279 images/sec  
[2020-03-08 21:51:39,818] [INFO] epoch_num: 0, iter_num: 120, loss1: 4.112781, acc1:  0.109375, loss2: 0.492980, acc2:  0.867188, loss3: 0.365438, acc3:  0.898438, loss_value: 4.971198,  recall_score: 0.365586,  speed: 279 images/sec  
[2020-03-08 21:51:44,388] [INFO] epoch_num: 0, iter_num: 130, loss1: 4.619677, acc1:  0.000000, loss2: 1.178258, acc2:  0.000000, loss3: 0.795452, acc3:  0.000000, loss_value: 6.593386,  recall_score: 0.264519,  speed: 280 images/sec  
[2020-03-08 21:51:48,968] [INFO] epoch_num: 0, iter_num: 140, loss1: 4.402515, acc1:  0.054688, loss2: 0.977980, acc2:  0.679688, loss3: 0.762221, acc3:  0.773438, loss_value: 6.142715,  recall_score: 0.251513,  speed: 279 images/sec  
[2020-03-08 21:51:53,583] [INFO] epoch_num: 0, iter_num: 150, loss1: 4.116190, acc1:  0.000000, loss2: 0.949098, acc2:  0.000000, loss3: 0.599801, acc3:  0.000000, loss_value: 5.665090,  recall_score: 0.061805,  speed: 278 images/sec  
[2020-03-08 21:51:58,175] [INFO] epoch_num: 0, iter_num: 160, loss1: 3.785414, acc1:  0.000000, loss2: 0.768441, acc2:  0.000000, loss3: 0.550046, acc3:  0.000000, loss_value: 5.103902,  recall_score: 0.303836,  speed: 280 images/sec  
[2020-03-08 21:52:02,759] [INFO] epoch_num: 0, iter_num: 170, loss1: 4.411657, acc1:  0.054688, loss2: 0.908176, acc2:  0.718750, loss3: 0.679574, acc3:  0.726562, loss_value: 5.999407,  recall_score: 0.229981,  speed: 280 images/sec  
[2020-03-08 21:52:07,345] [INFO] epoch_num: 0, iter_num: 180, loss1: 4.780466, acc1:  0.000000, loss2: 1.878702, acc2:  0.000000, loss3: 0.896651, acc3:  0.000000, loss_value: 7.555820,  recall_score: 0.158221,  speed: 277 images/sec  
[2020-03-08 21:52:11,939] [INFO] epoch_num: 0, iter_num: 190, loss1: 4.387373, acc1:  0.000000, loss2: 1.663347, acc2:  0.000000, loss3: 1.078398, acc3:  0.000000, loss_value: 7.129118,  recall_score: 0.147230,  speed: 279 images/sec  
[2020-03-08 21:52:16,537] [INFO] epoch_num: 0, iter_num: 200, loss1: 3.818134, acc1:  0.000000, loss2: 0.651035, acc2:  0.000000, loss3: 0.510063, acc3:  0.000000, loss_value: 4.979232,  recall_score: 0.324581,  speed: 274 images/sec  
[2020-03-08 21:52:21,142] [INFO] epoch_num: 0, iter_num: 210, loss1: 4.199823, acc1:  0.125000, loss2: 0.940195, acc2:  0.718750, loss3: 0.775898, acc3:  0.734375, loss_value: 5.915915,  recall_score: 0.336896,  speed: 272 images/sec  
[2020-03-08 21:52:25,730] [INFO] epoch_num: 0, iter_num: 220, loss1: 4.147324, acc1:  0.000000, loss2: 0.794235, acc2:  0.000000, loss3: 0.573986, acc3:  0.000000, loss_value: 5.515544,  recall_score: 0.313149,  speed: 278 images/sec  
[2020-03-08 21:52:30,347] [INFO] epoch_num: 0, iter_num: 230, loss1: 4.044402, acc1:  0.000000, loss2: 0.807541, acc2:  0.000000, loss3: 0.571217, acc3:  0.000000, loss_value: 5.423160,  recall_score: 0.356538,  speed: 279 images/sec  
[2020-03-08 21:52:34,927] [INFO] epoch_num: 0, iter_num: 240, loss1: 3.537380, acc1:  0.132812, loss2: 0.407378, acc2:  0.906250, loss3: 0.524351, acc3:  0.812500, loss_value: 4.469109,  recall_score: 0.353540,  speed: 278 images/sec  
[2020-03-08 21:52:39,742] [INFO] epoch_num: 0, iter_num: 250, loss1: 4.162135, acc1:  0.093750, loss2: 0.851985, acc2:  0.734375, loss3: 0.584484, acc3:  0.843750, loss_value: 5.598605,  recall_score: 0.326176,  speed: 259 images/sec  
[2020-03-08 21:52:44,519] [INFO] epoch_num: 0, iter_num: 260, loss1: 4.686923, acc1:  0.000000, loss2: 1.791269, acc2:  0.000000, loss3: 0.925949, acc3:  0.000000, loss_value: 7.404140,  recall_score: 0.198746,  speed: 270 images/sec  
[2020-03-08 21:52:49,128] [INFO] epoch_num: 0, iter_num: 270, loss1: 3.803297, acc1:  0.109375, loss2: 0.727652, acc2:  0.773438, loss3: 0.471053, acc3:  0.867188, loss_value: 5.002002,  recall_score: 0.363204,  speed: 272 images/sec  
[2020-03-08 21:52:53,740] [INFO] epoch_num: 0, iter_num: 280, loss1: 3.327239, acc1:  0.000000, loss2: 0.725993, acc2:  0.000000, loss3: 0.552195, acc3:  0.000000, loss_value: 4.605427,  recall_score: 0.407534,  speed: 277 images/sec  
[2020-03-08 21:52:58,351] [INFO] epoch_num: 0, iter_num: 290, loss1: 4.102444, acc1:  0.101562, loss2: 0.812778, acc2:  0.765625, loss3: 0.531482, acc3:  0.851562, loss_value: 5.446704,  recall_score: 0.351603,  speed: 278 images/sec  
[2020-03-08 21:53:02,947] [INFO] epoch_num: 0, iter_num: 300, loss1: 3.971493, acc1:  0.000000, loss2: 0.658161, acc2:  0.000000, loss3: 0.502802, acc3:  0.000000, loss_value: 5.132457,  recall_score: 0.058249,  speed: 277 images/sec  
[2020-03-08 21:53:07,524] [INFO] epoch_num: 0, iter_num: 310, loss1: 3.643335, acc1:  0.000000, loss2: 0.861933, acc2:  0.000000, loss3: 0.492411, acc3:  0.000000, loss_value: 4.997679,  recall_score: 0.064184,  speed: 280 images/sec  
[2020-03-08 21:53:12,135] [INFO] epoch_num: 0, iter_num: 320, loss1: 3.002458, acc1:  0.281250, loss2: 0.458805, acc2:  0.875000, loss3: 0.441992, acc3:  0.882812, loss_value: 3.903255,  recall_score: 0.467139,  speed: 278 images/sec  
[2020-03-08 21:53:17,000] [INFO] epoch_num: 0, iter_num: 330, loss1: 3.988369, acc1:  0.101562, loss2: 1.142220, acc2:  0.703125, loss3: 0.856162, acc3:  0.710938, loss_value: 5.986750,  recall_score: 0.270611,  speed: 264 images/sec  
[2020-03-08 21:53:21,721] [INFO] epoch_num: 0, iter_num: 340, loss1: 3.514362, acc1:  0.187500, loss2: 0.634709, acc2:  0.812500, loss3: 0.582249, acc3:  0.789062, loss_value: 4.731319,  recall_score: 0.366085,  speed: 279 images/sec  
[2020-03-08 21:53:26,319] [INFO] epoch_num: 0, iter_num: 350, loss1: 4.804418, acc1:  0.000000, loss2: 1.961040, acc2:  0.000000, loss3: 1.192747, acc3:  0.000000, loss_value: 7.958204,  recall_score: 0.153775,  speed: 268 images/sec  
[2020-03-08 21:53:30,913] [INFO] epoch_num: 0, iter_num: 360, loss1: 3.086590, acc1:  0.312500, loss2: 0.802456, acc2:  0.773438, loss3: 0.515721, acc3:  0.851562, loss_value: 4.404766,  recall_score: 0.372874,  speed: 278 images/sec  
[2020-03-08 21:53:35,514] [INFO] epoch_num: 0, iter_num: 370, loss1: 4.197015, acc1:  0.000000, loss2: 1.720965, acc2:  0.000000, loss3: 1.209155, acc3:  0.000000, loss_value: 7.127135,  recall_score: 0.242428,  speed: 278 images/sec  
[2020-03-08 21:53:40,130] [INFO] epoch_num: 0, iter_num: 380, loss1: 3.506477, acc1:  0.187500, loss2: 0.769316, acc2:  0.804688, loss3: 0.435512, acc3:  0.859375, loss_value: 4.711305,  recall_score: 0.352018,  speed: 278 images/sec  
[2020-03-08 21:53:44,707] [INFO] epoch_num: 0, iter_num: 390, loss1: 3.024505, acc1:  0.242188, loss2: 0.555028, acc2:  0.867188, loss3: 0.463126, acc3:  0.859375, loss_value: 4.042658,  recall_score: 0.484209,  speed: 280 images/sec  
[2020-03-08 21:53:49,316] [INFO] epoch_num: 0, iter_num: 400, loss1: 3.845828, acc1:  0.000000, loss2: 1.657964, acc2:  0.000000, loss3: 1.003624, acc3:  0.000000, loss_value: 6.507416,  recall_score: 0.279832,  speed: 279 images/sec  
[2020-03-08 21:53:53,910] [INFO] epoch_num: 0, iter_num: 410, loss1: 3.723789, acc1:  0.156250, loss2: 0.606883, acc2:  0.859375, loss3: 0.651871, acc3:  0.820312, loss_value: 4.982543,  recall_score: 0.401533,  speed: 277 images/sec  
[2020-03-08 21:53:58,519] [INFO] epoch_num: 0, iter_num: 420, loss1: 3.883345, acc1:  0.000000, loss2: 1.067016, acc2:  0.000000, loss3: 0.597830, acc3:  0.000000, loss_value: 5.548191,  recall_score: 0.065960,  speed: 279 images/sec  
[2020-03-08 21:54:03,140] [INFO] epoch_num: 0, iter_num: 430, loss1: 3.643942, acc1:  0.000000, loss2: 1.002190, acc2:  0.000000, loss3: 0.807959, acc3:  0.000000, loss_value: 5.454092,  recall_score: 0.063710,  speed: 277 images/sec  
[2020-03-08 21:54:07,976] [INFO] epoch_num: 0, iter_num: 440, loss1: 2.629214, acc1:  0.312500, loss2: 0.637574, acc2:  0.835938, loss3: 0.344299, acc3:  0.929688, loss_value: 3.611088,  recall_score: 0.499884,  speed: 261 images/sec  
[2020-03-08 21:54:12,752] [INFO] epoch_num: 0, iter_num: 450, loss1: 3.609063, acc1:  0.117188, loss2: 0.726631, acc2:  0.812500, loss3: 0.437521, acc3:  0.890625, loss_value: 4.773215,  recall_score: 0.390038,  speed: 269 images/sec  
[2020-03-08 21:54:17,372] [INFO] epoch_num: 0, iter_num: 460, loss1: 3.842156, acc1:  0.000000, loss2: 1.438116, acc2:  0.000000, loss3: 0.781139, acc3:  0.000000, loss_value: 6.061412,  recall_score: 0.100875,  speed: 279 images/sec  
[2020-03-08 21:54:21,989] [INFO] epoch_num: 0, iter_num: 470, loss1: 2.651694, acc1:  0.375000, loss2: 0.560340, acc2:  0.875000, loss3: 0.432698, acc3:  0.867188, loss_value: 3.644731,  recall_score: 0.476016,  speed: 278 images/sec  
[2020-03-08 21:54:26,594] [INFO] epoch_num: 0, iter_num: 480, loss1: 2.345860, acc1:  0.429688, loss2: 0.539597, acc2:  0.851562, loss3: 0.371584, acc3:  0.906250, loss_value: 3.257041,  recall_score: 0.508887,  speed: 279 images/sec  
[2020-03-08 21:54:31,218] [INFO] epoch_num: 0, iter_num: 490, loss1: 3.255243, acc1:  0.195312, loss2: 0.680268, acc2:  0.796875, loss3: 0.490153, acc3:  0.835938, loss_value: 4.425664,  recall_score: 0.366793,  speed: 271 images/sec  
[2020-03-08 21:54:35,803] [INFO] epoch_num: 0, iter_num: 500, loss1: 3.103619, acc1:  0.296875, loss2: 0.732777, acc2:  0.804688, loss3: 0.451379, acc3:  0.859375, loss_value: 4.287776,  recall_score: 0.436704,  speed: 277 images/sec  
[2020-03-08 21:54:40,406] [INFO] epoch_num: 0, iter_num: 510, loss1: 2.547408, acc1:  0.000000, loss2: 0.631108, acc2:  0.000000, loss3: 0.435140, acc3:  0.000000, loss_value: 3.613655,  recall_score: 0.534368,  speed: 277 images/sec  
[2020-03-08 21:54:45,013] [INFO] epoch_num: 0, iter_num: 520, loss1: 2.558217, acc1:  0.000000, loss2: 0.959545, acc2:  0.000000, loss3: 0.647009, acc3:  0.000000, loss_value: 4.164771,  recall_score: 0.439899,  speed: 277 images/sec  
[2020-03-08 21:54:49,622] [INFO] epoch_num: 0, iter_num: 530, loss1: 3.055662, acc1:  0.289062, loss2: 0.527941, acc2:  0.867188, loss3: 0.479652, acc3:  0.859375, loss_value: 4.063255,  recall_score: 0.497498,  speed: 277 images/sec  
[2020-03-08 21:54:54,223] [INFO] epoch_num: 0, iter_num: 540, loss1: 2.626616, acc1:  0.359375, loss2: 0.580482, acc2:  0.820312, loss3: 0.357247, acc3:  0.875000, loss_value: 3.564344,  recall_score: 0.528150,  speed: 278 images/sec  
[2020-03-08 21:54:58,838] [INFO] epoch_num: 0, iter_num: 550, loss1: 4.085681, acc1:  0.000000, loss2: 1.564655, acc2:  0.000000, loss3: 1.056602, acc3:  0.000000, loss_value: 6.706938,  recall_score: 0.254869,  speed: 278 images/sec  
[2020-03-08 21:55:03,461] [INFO] epoch_num: 0, iter_num: 560, loss1: 3.628646, acc1:  0.000000, loss2: 1.699938, acc2:  0.000000, loss3: 0.790656, acc3:  0.000000, loss_value: 6.119240,  recall_score: 0.365648,  speed: 278 images/sec  
[2020-03-08 21:55:08,046] [INFO] epoch_num: 0, iter_num: 570, loss1: 3.273344, acc1:  0.000000, loss2: 1.291761, acc2:  0.000000, loss3: 0.731945, acc3:  0.000000, loss_value: 5.297050,  recall_score: 0.419911,  speed: 278 images/sec  
[2020-03-08 21:55:12,684] [INFO] epoch_num: 0, iter_num: 580, loss1: 3.115396, acc1:  0.000000, loss2: 0.830352, acc2:  0.000000, loss3: 0.462160, acc3:  0.000000, loss_value: 4.407908,  recall_score: 0.483852,  speed: 275 images/sec  
[2020-03-08 21:55:17,267] [INFO] epoch_num: 0, iter_num: 590, loss1: 2.875246, acc1:  0.000000, loss2: 0.847208, acc2:  0.000000, loss3: 0.445502, acc3:  0.000000, loss_value: 4.167956,  recall_score: 0.075224,  speed: 279 images/sec  
[2020-03-08 21:55:21,862] [INFO] epoch_num: 0, iter_num: 600, loss1: 2.010152, acc1:  0.492188, loss2: 0.483215, acc2:  0.898438, loss3: 0.296229, acc3:  0.953125, loss_value: 2.789596,  recall_score: 0.614662,  speed: 277 images/sec  
[2020-03-08 21:55:26,582] [INFO] epoch_num: 0, iter_num: 610, loss1: 4.988609, acc1:  0.000000, loss2: 1.895904, acc2:  0.000000, loss3: 1.153095, acc3:  0.000000, loss_value: 8.037607,  recall_score: 0.213107,  speed: 260 images/sec  
[2020-03-08 21:55:31,421] [INFO] epoch_num: 0, iter_num: 620, loss1: 4.305636, acc1:  0.000000, loss2: 1.906597, acc2:  0.000000, loss3: 1.075279, acc3:  0.000000, loss_value: 7.287513,  recall_score: 0.148164,  speed: 270 images/sec  
[2020-03-08 21:55:36,166] [INFO] epoch_num: 0, iter_num: 630, loss1: 2.294789, acc1:  0.437500, loss2: 0.442706, acc2:  0.898438, loss3: 0.380137, acc3:  0.906250, loss_value: 3.117631,  recall_score: 0.585662,  speed: 277 images/sec  
